E, [2014-12-28T19:42:32.417120 #27854] ERROR -- Kitchen: ------Exception-------
E, [2014-12-28T19:42:32.417214 #27854] ERROR -- Kitchen: Class: Kitchen::UserError
E, [2014-12-28T19:42:32.417243 #27854] ERROR -- Kitchen: Message: Kitchen YAML file /Users/axalan/Work/CustomizingChef/.kitchen.yml does not exist.
E, [2014-12-28T19:42:32.417269 #27854] ERROR -- Kitchen: ------Backtrace-------
E, [2014-12-28T19:42:32.417291 #27854] ERROR -- Kitchen: /opt/chefdk/embedded/lib/ruby/gems/2.1.0/gems/test-kitchen-1.2.2.dev/lib/kitchen/loader/yaml.rb:74:in `read'
E, [2014-12-28T19:42:32.417331 #27854] ERROR -- Kitchen: /opt/chefdk/embedded/lib/ruby/gems/2.1.0/gems/test-kitchen-1.2.2.dev/lib/kitchen/config.rb:78:in `data'
E, [2014-12-28T19:42:32.417352 #27854] ERROR -- Kitchen: /opt/chefdk/embedded/lib/ruby/gems/2.1.0/gems/test-kitchen-1.2.2.dev/lib/kitchen/config.rb:66:in `suites'
E, [2014-12-28T19:42:32.417365 #27854] ERROR -- Kitchen: /opt/chefdk/embedded/lib/ruby/gems/2.1.0/gems/test-kitchen-1.2.2.dev/lib/kitchen/config.rb:90:in `filter_instances'
E, [2014-12-28T19:42:32.417377 #27854] ERROR -- Kitchen: /opt/chefdk/embedded/lib/ruby/gems/2.1.0/gems/test-kitchen-1.2.2.dev/lib/kitchen/config.rb:72:in `build_instances'
E, [2014-12-28T19:42:32.417389 #27854] ERROR -- Kitchen: /opt/chefdk/embedded/lib/ruby/gems/2.1.0/gems/test-kitchen-1.2.2.dev/lib/kitchen/config.rb:52:in `instances'
E, [2014-12-28T19:42:32.417401 #27854] ERROR -- Kitchen: /opt/chefdk/embedded/lib/ruby/gems/2.1.0/gems/test-kitchen-1.2.2.dev/lib/kitchen/command.rb:64:in `get_filtered_instances'
E, [2014-12-28T19:42:32.417412 #27854] ERROR -- Kitchen: /opt/chefdk/embedded/lib/ruby/gems/2.1.0/gems/test-kitchen-1.2.2.dev/lib/kitchen/command.rb:85:in `parse_subcommand'
E, [2014-12-28T19:42:32.417427 #27854] ERROR -- Kitchen: /opt/chefdk/embedded/lib/ruby/gems/2.1.0/gems/test-kitchen-1.2.2.dev/lib/kitchen/command/login.rb:31:in `call'
E, [2014-12-28T19:42:32.417440 #27854] ERROR -- Kitchen: /opt/chefdk/embedded/lib/ruby/gems/2.1.0/gems/test-kitchen-1.2.2.dev/lib/kitchen/cli.rb:47:in `perform'
E, [2014-12-28T19:42:32.417463 #27854] ERROR -- Kitchen: /opt/chefdk/embedded/lib/ruby/gems/2.1.0/gems/test-kitchen-1.2.2.dev/lib/kitchen/cli.rb:177:in `login'
E, [2014-12-28T19:42:32.417475 #27854] ERROR -- Kitchen: /opt/chefdk/embedded/lib/ruby/gems/2.1.0/gems/thor-0.19.1/lib/thor/command.rb:27:in `run'
E, [2014-12-28T19:42:32.417487 #27854] ERROR -- Kitchen: /opt/chefdk/embedded/lib/ruby/gems/2.1.0/gems/thor-0.19.1/lib/thor/invocation.rb:126:in `invoke_command'
E, [2014-12-28T19:42:32.417498 #27854] ERROR -- Kitchen: /opt/chefdk/embedded/lib/ruby/gems/2.1.0/gems/test-kitchen-1.2.2.dev/lib/kitchen/cli.rb:259:in `invoke_task'
E, [2014-12-28T19:42:32.417510 #27854] ERROR -- Kitchen: /opt/chefdk/embedded/lib/ruby/gems/2.1.0/gems/thor-0.19.1/lib/thor.rb:359:in `dispatch'
E, [2014-12-28T19:42:32.417521 #27854] ERROR -- Kitchen: /opt/chefdk/embedded/lib/ruby/gems/2.1.0/gems/thor-0.19.1/lib/thor/base.rb:440:in `start'
E, [2014-12-28T19:42:32.417533 #27854] ERROR -- Kitchen: /opt/chefdk/embedded/lib/ruby/gems/2.1.0/gems/test-kitchen-1.2.2.dev/bin/kitchen:13:in `block in <top (required)>'
E, [2014-12-28T19:42:32.417544 #27854] ERROR -- Kitchen: /opt/chefdk/embedded/lib/ruby/gems/2.1.0/gems/test-kitchen-1.2.2.dev/lib/kitchen/errors.rb:81:in `with_friendly_errors'
E, [2014-12-28T19:42:32.417558 #27854] ERROR -- Kitchen: /opt/chefdk/embedded/lib/ruby/gems/2.1.0/gems/test-kitchen-1.2.2.dev/bin/kitchen:13:in `<top (required)>'
E, [2014-12-28T19:42:32.417571 #27854] ERROR -- Kitchen: /opt/chefdk/embedded/bin/kitchen:23:in `load'
E, [2014-12-28T19:42:32.417582 #27854] ERROR -- Kitchen: /opt/chefdk/embedded/bin/kitchen:23:in `<main>'
E, [2014-12-28T19:42:32.417593 #27854] ERROR -- Kitchen: ----------------------
